This file contains any messages produced by compilers while
running configure, to aid debugging if configure makes a mistake.

It was created by configure, which was
generated by GNU Autoconf 2.65.  Invocation command line was

  $ ./configure 

## --------- ##
## Platform. ##
## --------- ##

hostname = DESKTOP-NA59GGC
uname -m = x86_64
uname -r = 5.10.16.3-microsoft-standard-WSL2
uname -s = Linux
uname -v = #1 SMP Fri Apr 2 22:23:49 UTC 2021

/usr/bin/uname -p = x86_64
/bin/uname -X     = unknown

/bin/arch              = x86_64
/usr/bin/arch -k       = unknown
/usr/convex/getsysinfo = unknown
/usr/bin/hostinfo      = unknown
/bin/machine           = unknown
/usr/bin/oslevel       = unknown
/bin/universe          = unknown

PATH: /usr/local/sbin
PATH: /usr/local/bin
PATH: /usr/sbin
PATH: /usr/bin
PATH: /sbin
PATH: /bin
PATH: /usr/games
PATH: /usr/local/games
PATH: /usr/lib/wsl/lib
PATH: /mnt/c/WINDOWS/system32
PATH: /mnt/c/WINDOWS
PATH: /mnt/c/WINDOWS/System32/Wbem
PATH: /mnt/c/WINDOWS/System32/WindowsPowerShell/v1.0/
PATH: /mnt/c/WINDOWS/System32/OpenSSH/
PATH: /mnt/c/Users/DellPrecisionTower/AppData/Local/Microsoft/WindowsApps
PATH: /mnt/c/Program Files/JetBrains/CLion 2024.1.4/bin
PATH: /snap/bin


## ----------- ##
## Core tests. ##
## ----------- ##

configure:2481: checking for a BSD-compatible install
configure:2549: result: /usr/bin/install -c
configure:2560: checking whether build environment is sane
configure:2610: result: yes
configure:2751: checking for a thread-safe mkdir -p
configure:2790: result: /usr/bin/mkdir -p
configure:2803: checking for gawk
configure:2819: found /usr/bin/gawk
configure:2830: result: gawk
configure:2841: checking whether make sets $(MAKE)
configure:2863: result: yes
configure:2951: checking for gawk
configure:2978: result: gawk
configure:3037: checking for gcc
configure:3053: found /usr/bin/gcc
configure:3064: result: gcc
configure:3293: checking for C compiler version
configure:3302: gcc --version >&5
gcc (Ubuntu 9.4.0-1ubuntu1~20.04.2) 9.4.0
Copyright (C) 2019 Free Software Foundation, Inc.
This is free software; see the source for copying conditions.  There is NO
warranty; not even for MERCHANTABILITY or FITNESS FOR A PARTICULAR PURPOSE.

configure:3313: $? = 0
configure:3302: gcc -v >&5
Using built-in specs.
COLLECT_GCC=gcc
COLLECT_LTO_WRAPPER=/usr/lib/gcc/x86_64-linux-gnu/9/lto-wrapper
OFFLOAD_TARGET_NAMES=nvptx-none:hsa
OFFLOAD_TARGET_DEFAULT=1
Target: x86_64-linux-gnu
Configured with: ../src/configure -v --with-pkgversion='Ubuntu 9.4.0-1ubuntu1~20.04.2' --with-bugurl=file:///usr/share/doc/gcc-9/README.Bugs --enable-languages=c,ada,c++,go,brig,d,fortran,objc,obj-c++,gm2 --prefix=/usr --with-gcc-major-version-only --program-suffix=-9 --program-prefix=x86_64-linux-gnu- --enable-shared --enable-linker-build-id --libexecdir=/usr/lib --without-included-gettext --enable-threads=posix --libdir=/usr/lib --enable-nls --enable-clocale=gnu --enable-libstdcxx-debug --enable-libstdcxx-time=yes --with-default-libstdcxx-abi=new --enable-gnu-unique-object --disable-vtable-verify --enable-plugin --enable-default-pie --with-system-zlib --with-target-system-zlib=auto --enable-objc-gc=auto --enable-multiarch --disable-werror --with-arch-32=i686 --with-abi=m64 --with-multilib-list=m32,m64,mx32 --enable-multilib --with-tune=generic --enable-offload-targets=nvptx-none=/build/gcc-9-9QDOt0/gcc-9-9.4.0/debian/tmp-nvptx/usr,hsa --without-cuda-driver --enable-checking=release --build=x86_64-linux-gnu --host=x86_64-linux-gnu --target=x86_64-linux-gnu
Thread model: posix
gcc version 9.4.0 (Ubuntu 9.4.0-1ubuntu1~20.04.2) 
configure:3313: $? = 0
configure:3302: gcc -V >&5
gcc: error: unrecognized command line option '-V'
gcc: fatal error: no input files
compilation terminated.
configure:3313: $? = 1
configure:3302: gcc -qversion >&5
gcc: error: unrecognized command line option '-qversion'; did you mean '--version'?
gcc: fatal error: no input files
compilation terminated.
configure:3313: $? = 1
configure:3333: checking whether the C compiler works
configure:3355: gcc    conftest.c  >&5
configure:3359: $? = 0
configure:3408: result: yes
configure:3411: checking for C compiler default output file name
configure:3413: result: a.out
configure:3419: checking for suffix of executables
configure:3426: gcc -o conftest    conftest.c  >&5
configure:3430: $? = 0
configure:3452: result: 
configure:3474: checking whether we are cross compiling
configure:3482: gcc -o conftest    conftest.c  >&5
configure:3486: $? = 0
configure:3493: ./conftest
configure:3497: $? = 0
configure:3485: result: no
configure:3490: checking for suffix of object files
configure:3512: gcc -c   conftest.c >&5
configure:3516: $? = 0
configure:3537: result: o
configure:3541: checking whether we are using the GNU C compiler
configure:3560: gcc -c   conftest.c >&5
configure:3560: $? = 0
configure:3569: result: yes
configure:3578: checking whether gcc accepts -g
configure:3598: gcc -c -g  conftest.c >&5
configure:3598: $? = 0
configure:3639: result: yes
configure:3656: checking for gcc option to accept ISO C89
configure:3720: gcc  -c -g -O2  conftest.c >&5
configure:3720: $? = 0
configure:3733: result: none needed
configure:3764: checking for style of include used by make
configure:3792: result: GNU
configure:3817: checking dependency style of gcc
configure:3927: result: gcc3
configure:3943: checking whether ln -s works
configure:3947: result: yes
configure:3983: checking build system type
configure:3997: result: x86_64-unknown-linux-gnu
configure:4017: checking host system type
configure:4030: result: x86_64-unknown-linux-gnu
configure:4050: checking for a sed that does not truncate output
configure:4114: result: /usr/bin/sed
configure:4132: checking for grep that handles long lines and -e
configure:4190: result: /usr/bin/grep
configure:4195: checking for egrep
configure:4257: result: /usr/bin/grep -E
configure:4262: checking for fgrep
configure:4324: result: /usr/bin/grep -F
configure:4359: checking for ld used by gcc
configure:4426: result: /usr/bin/ld
configure:4433: checking if the linker (/usr/bin/ld) is GNU ld
configure:4448: result: yes
configure:4460: checking for BSD- or MS-compatible name lister (nm)
configure:4509: result: /usr/bin/nm -B
configure:4627: checking the name lister (/usr/bin/nm -B) interface
configure:4665: gcc -c -g -O2  conftest.c >&5
configure:4668: /usr/bin/nm -B "conftest.o"
configure:4671: output
0000000000000000 B some_variable
configure:4641: result: BSD nm
configure:4645: checking the maximum length of command line arguments
configure:4765: result: 1572864
configure:4782: checking whether the shell understands some XSI constructs
configure:4791: result: yes
configure:4795: checking whether the shell understands "+="
configure:4799: result: yes
configure:4834: checking for /usr/bin/ld option to reload object files
configure:4841: result: -r
configure:4910: checking for objdump
configure:4926: found /usr/bin/objdump
configure:4937: result: objdump
configure:4969: checking how to recognize dependent libraries
configure:5165: result: pass_all
configure:5225: checking for ar
configure:5241: found /usr/bin/ar
configure:5252: result: ar
configure:5330: checking for strip
configure:5346: found /usr/bin/strip
configure:5357: result: strip
configure:5429: checking for ranlib
configure:5445: found /usr/bin/ranlib
configure:5456: result: ranlib
configure:5546: checking command to parse /usr/bin/nm -B output from gcc object
configure:5664: gcc -c -g -O2  conftest.c >&5
configure:5667: $? = 0
configure:5671: /usr/bin/nm -B conftest.o \| sed -n -e 's/^.*[	 ]\([ABCDGIRSTW][ABCDGIRSTW]*\)[	 ][	 ]*\([_A-Za-z][_A-Za-z0-9]*\)$/\1 \2 \2/p' \> conftest.nm
configure:5674: $? = 0
configure:5728: gcc -o conftest -g -O2   conftest.c conftstm.o >&5
configure:5731: $? = 0
configure:5769: result: ok
configure:5865: gcc -c -g -O2  conftest.c >&5
configure:5868: $? = 0
configure:6578: checking how to run the C preprocessor
configure:6609: gcc -E  conftest.c
configure:6609: $? = 0
configure:6623: gcc -E  conftest.c
conftest.c:11:10: fatal error: ac_nonexistent.h: No such file or directory
   11 | #include <ac_nonexistent.h>
      |          ^~~~~~~~~~~~~~~~~~
compilation terminated.
configure:6623: $? = 1
configure: failed program was:
| /* confdefs.h */
| #define PACKAGE_NAME ""
| #define PACKAGE_TARNAME ""
| #define PACKAGE_VERSION ""
| #define PACKAGE_STRING ""
| #define PACKAGE_BUGREPORT ""
| #define PACKAGE_URL ""
| #define PACKAGE "cmph"
| #define VERSION "2.0"
| /* end confdefs.h.  */
| #include <ac_nonexistent.h>
configure:6648: result: gcc -E
configure:6668: gcc -E  conftest.c
configure:6668: $? = 0
configure:6682: gcc -E  conftest.c
conftest.c:11:10: fatal error: ac_nonexistent.h: No such file or directory
   11 | #include <ac_nonexistent.h>
      |          ^~~~~~~~~~~~~~~~~~
compilation terminated.
configure:6682: $? = 1
configure: failed program was:
| /* confdefs.h */
| #define PACKAGE_NAME ""
| #define PACKAGE_TARNAME ""
| #define PACKAGE_VERSION ""
| #define PACKAGE_STRING ""
| #define PACKAGE_BUGREPORT ""
| #define PACKAGE_URL ""
| #define PACKAGE "cmph"
| #define VERSION "2.0"
| /* end confdefs.h.  */
| #include <ac_nonexistent.h>
configure:6711: checking for ANSI C header files
configure:6731: gcc -c -g -O2  conftest.c >&5
configure:6731: $? = 0
configure:6804: gcc -o conftest -g -O2   conftest.c  >&5
configure:6804: $? = 0
configure:6804: ./conftest
configure:6804: $? = 0
configure:6815: result: yes
configure:6828: checking for sys/types.h
configure:6828: gcc -c -g -O2  conftest.c >&5
configure:6828: $? = 0
configure:6828: result: yes
configure:6828: checking for sys/stat.h
configure:6828: gcc -c -g -O2  conftest.c >&5
configure:6828: $? = 0
configure:6828: result: yes
configure:6828: checking for stdlib.h
configure:6828: gcc -c -g -O2  conftest.c >&5
configure:6828: $? = 0
configure:6828: result: yes
configure:6828: checking for string.h
configure:6828: gcc -c -g -O2  conftest.c >&5
configure:6828: $? = 0
configure:6828: result: yes
configure:6828: checking for memory.h
configure:6828: gcc -c -g -O2  conftest.c >&5
configure:6828: $? = 0
configure:6828: result: yes
configure:6828: checking for strings.h
configure:6828: gcc -c -g -O2  conftest.c >&5
configure:6828: $? = 0
configure:6828: result: yes
configure:6828: checking for inttypes.h
configure:6828: gcc -c -g -O2  conftest.c >&5
configure:6828: $? = 0
configure:6828: result: yes
configure:6828: checking for stdint.h
configure:6828: gcc -c -g -O2  conftest.c >&5
configure:6828: $? = 0
configure:6828: result: yes
configure:6828: checking for unistd.h
configure:6828: gcc -c -g -O2  conftest.c >&5
configure:6828: $? = 0
configure:6828: result: yes
configure:6843: checking for dlfcn.h
configure:6843: gcc -c -g -O2  conftest.c >&5
configure:6843: $? = 0
configure:6843: result: yes
configure:7027: checking for objdir
configure:7042: result: .libs
configure:7338: checking if gcc supports -fno-rtti -fno-exceptions
configure:7396: gcc -c -g -O2  -fno-rtti -fno-exceptions conftest.c >&5
cc1: warning: command line option '-fno-rtti' is valid for C++/D/ObjC++ but not for C
configure:7400: $? = 0
configure:7373: result: no
configure:7393: checking for gcc option to produce PIC
configure:7665: result: -fPIC -DPIC
configure:7677: checking if gcc PIC flag -fPIC -DPIC works
configure:7735: gcc -c -g -O2  -fPIC -DPIC -DPIC conftest.c >&5
configure:7739: $? = 0
configure:7712: result: yes
configure:7736: checking if gcc static flag -static works
configure:7764: result: yes
configure:7779: checking if gcc supports -c -o file.o
configure:7840: gcc -c -g -O2  -o out/conftest2.o conftest.c >&5
configure:7844: $? = 0
configure:7826: result: yes
configure:7834: checking if gcc supports -c -o file.o
configure:7881: result: yes
configure:7914: checking whether the gcc linker (/usr/bin/ld -m elf_x86_64) supports shared libraries
configure:8905: result: yes
configure:8942: checking whether -lc should be explicitly linked in
configure:8947: gcc -c -g -O2  conftest.c >&5
configure:8950: $? = 0
configure:8965: gcc -shared conftest.o  -v -Wl,-soname -Wl,conftest -o conftest 2\>\&1 \| /usr/bin/grep  -lc  \>/dev/null 2\>\&1
configure:8968: $? = 0
configure:8980: result: no
configure:9144: checking dynamic linker characteristics
configure:9577: gcc -o conftest -g -O2   -Wl,-rpath -Wl,/foo conftest.c  >&5
configure:9577: $? = 0
configure:9807: result: GNU/Linux ld.so
configure:9909: checking how to hardcode library paths into programs
configure:9934: result: immediate
configure:10454: checking whether stripping libraries is possible
configure:10459: result: yes
configure:10494: checking if libtool supports shared libraries
configure:10496: result: yes
configure:10499: checking whether to build shared libraries
configure:10520: result: yes
configure:10523: checking whether to build static libraries
configure:10527: result: yes
configure:7880: checking for getconf
configure:7896: found /usr/bin/getconf
configure:7907: result: getconf
configure:7929: checking for CFLAGS value to request large file support
configure:7966: result: 
configure:7968: checking for LDFLAGS value to request large file support
configure:7978: result: 
configure:7980: checking for LIBS value to request large file support
configure:7990: result: 
configure:8035: checking for _FILE_OFFSET_BITS
configure:8052: result: no
configure:8066: checking for _LARGEFILE_SOURCE
configure:8087: result: no
configure:8096: checking for _LARGE_FILES
configure:8117: result: no
configure:8144: checking getopt.h usability
configure:8144: gcc -c  -g -O2  conftest.c >&5
configure:8144: $? = 0
configure:8144: result: yes
configure:8144: checking getopt.h presence
configure:8144: gcc -E  conftest.c
configure:8144: $? = 0
configure:8144: result: yes
configure:8144: checking for getopt.h
configure:8144: result: yes
configure:8144: checking math.h usability
configure:8144: gcc -c  -g -O2  conftest.c >&5
configure:8144: $? = 0
configure:8144: result: yes
configure:8144: checking math.h presence
configure:8144: gcc -E  conftest.c
configure:8144: $? = 0
configure:8144: result: yes
configure:8144: checking for math.h
configure:8144: result: yes
configure:8244: checking for cos in -lm
configure:8269: gcc -o conftest  -g -O2    conftest.c -lm    >&5
conftest.c:32:6: warning: conflicting types for built-in function 'cos'; expected 'double(double)' [-Wbuiltin-declaration-mismatch]
   32 | char cos ();
      |      ^~~
conftest.c:1:1: note: 'cos' is declared in header '<math.h>'
    1 | /* confdefs.h */
configure:8269: $? = 0
configure:8278: result: yes
configure:8349: checking for g++
configure:8365: found /usr/bin/g++
configure:8376: result: g++
configure:8403: checking for C++ compiler version
configure:8412: g++ --version >&5
g++ (Ubuntu 9.4.0-1ubuntu1~20.04.2) 9.4.0
Copyright (C) 2019 Free Software Foundation, Inc.
This is free software; see the source for copying conditions.  There is NO
warranty; not even for MERCHANTABILITY or FITNESS FOR A PARTICULAR PURPOSE.

configure:8423: $? = 0
configure:8412: g++ -v >&5
Using built-in specs.
COLLECT_GCC=g++
COLLECT_LTO_WRAPPER=/usr/lib/gcc/x86_64-linux-gnu/9/lto-wrapper
OFFLOAD_TARGET_NAMES=nvptx-none:hsa
OFFLOAD_TARGET_DEFAULT=1
Target: x86_64-linux-gnu
Configured with: ../src/configure -v --with-pkgversion='Ubuntu 9.4.0-1ubuntu1~20.04.2' --with-bugurl=file:///usr/share/doc/gcc-9/README.Bugs --enable-languages=c,ada,c++,go,brig,d,fortran,objc,obj-c++,gm2 --prefix=/usr --with-gcc-major-version-only --program-suffix=-9 --program-prefix=x86_64-linux-gnu- --enable-shared --enable-linker-build-id --libexecdir=/usr/lib --without-included-gettext --enable-threads=posix --libdir=/usr/lib --enable-nls --enable-clocale=gnu --enable-libstdcxx-debug --enable-libstdcxx-time=yes --with-default-libstdcxx-abi=new --enable-gnu-unique-object --disable-vtable-verify --enable-plugin --enable-default-pie --with-system-zlib --with-target-system-zlib=auto --enable-objc-gc=auto --enable-multiarch --disable-werror --with-arch-32=i686 --with-abi=m64 --with-multilib-list=m32,m64,mx32 --enable-multilib --with-tune=generic --enable-offload-targets=nvptx-none=/build/gcc-9-9QDOt0/gcc-9-9.4.0/debian/tmp-nvptx/usr,hsa --without-cuda-driver --enable-checking=release --build=x86_64-linux-gnu --host=x86_64-linux-gnu --target=x86_64-linux-gnu
Thread model: posix
gcc version 9.4.0 (Ubuntu 9.4.0-1ubuntu1~20.04.2) 
configure:8423: $? = 0
configure:8412: g++ -V >&5
g++: error: unrecognized command line option '-V'
g++: fatal error: no input files
compilation terminated.
configure:8423: $? = 1
configure:8412: g++ -qversion >&5
g++: error: unrecognized command line option '-qversion'; did you mean '--version'?
g++: fatal error: no input files
compilation terminated.
configure:8423: $? = 1
configure:8427: checking whether we are using the GNU C++ compiler
configure:8446: g++ -c   conftest.cpp >&5
configure:8446: $? = 0
configure:8455: result: yes
configure:8464: checking whether g++ accepts -g
configure:8484: g++ -c -g  conftest.cpp >&5
configure:8484: $? = 0
configure:8525: result: yes
configure:8550: checking dependency style of g++
configure:8660: result: gcc3
configure:8788: checking for C++ compiler version
configure:8797: g++ --version >&5
g++ (Ubuntu 9.4.0-1ubuntu1~20.04.2) 9.4.0
Copyright (C) 2019 Free Software Foundation, Inc.
This is free software; see the source for copying conditions.  There is NO
warranty; not even for MERCHANTABILITY or FITNESS FOR A PARTICULAR PURPOSE.

configure:8808: $? = 0
configure:8797: g++ -v >&5
Using built-in specs.
COLLECT_GCC=g++
COLLECT_LTO_WRAPPER=/usr/lib/gcc/x86_64-linux-gnu/9/lto-wrapper
OFFLOAD_TARGET_NAMES=nvptx-none:hsa
OFFLOAD_TARGET_DEFAULT=1
Target: x86_64-linux-gnu
Configured with: ../src/configure -v --with-pkgversion='Ubuntu 9.4.0-1ubuntu1~20.04.2' --with-bugurl=file:///usr/share/doc/gcc-9/README.Bugs --enable-languages=c,ada,c++,go,brig,d,fortran,objc,obj-c++,gm2 --prefix=/usr --with-gcc-major-version-only --program-suffix=-9 --program-prefix=x86_64-linux-gnu- --enable-shared --enable-linker-build-id --libexecdir=/usr/lib --without-included-gettext --enable-threads=posix --libdir=/usr/lib --enable-nls --enable-clocale=gnu --enable-libstdcxx-debug --enable-libstdcxx-time=yes --with-default-libstdcxx-abi=new --enable-gnu-unique-object --disable-vtable-verify --enable-plugin --enable-default-pie --with-system-zlib --with-target-system-zlib=auto --enable-objc-gc=auto --enable-multiarch --disable-werror --with-arch-32=i686 --with-abi=m64 --with-multilib-list=m32,m64,mx32 --enable-multilib --with-tune=generic --enable-offload-targets=nvptx-none=/build/gcc-9-9QDOt0/gcc-9-9.4.0/debian/tmp-nvptx/usr,hsa --without-cuda-driver --enable-checking=release --build=x86_64-linux-gnu --host=x86_64-linux-gnu --target=x86_64-linux-gnu
Thread model: posix
gcc version 9.4.0 (Ubuntu 9.4.0-1ubuntu1~20.04.2) 
configure:8808: $? = 0
configure:8797: g++ -V >&5
g++: error: unrecognized command line option '-V'
g++: fatal error: no input files
compilation terminated.
configure:8808: $? = 1
configure:8797: g++ -qversion >&5
g++: error: unrecognized command line option '-qversion'; did you mean '--version'?
g++: fatal error: no input files
compilation terminated.
configure:8808: $? = 1
configure:8812: checking whether we are using the GNU C++ compiler
configure:8840: result: yes
configure:8849: checking whether g++ accepts -g
configure:8910: result: yes
configure:8935: checking dependency style of g++
configure:9045: result: gcc3
configure:9068: checking how to run the C++ preprocessor
configure:9095: g++ -E  conftest.cpp
configure:9095: $? = 0
configure:9109: g++ -E  conftest.cpp
conftest.cpp:25:10: fatal error: ac_nonexistent.h: No such file or directory
   25 | #include <ac_nonexistent.h>
      |          ^~~~~~~~~~~~~~~~~~
compilation terminated.
configure:9109: $? = 1
configure: failed program was:
| /* confdefs.h */
| #define PACKAGE_NAME ""
| #define PACKAGE_TARNAME ""
| #define PACKAGE_VERSION ""
| #define PACKAGE_STRING ""
| #define PACKAGE_BUGREPORT ""
| #define PACKAGE_URL ""
| #define PACKAGE "cmph"
| #define VERSION "2.0"
| #define STDC_HEADERS 1
| #define HAVE_SYS_TYPES_H 1
| #define HAVE_SYS_STAT_H 1
| #define HAVE_STDLIB_H 1
| #define HAVE_STRING_H 1
| #define HAVE_MEMORY_H 1
| #define HAVE_STRINGS_H 1
| #define HAVE_INTTYPES_H 1
| #define HAVE_STDINT_H 1
| #define HAVE_UNISTD_H 1
| #define HAVE_DLFCN_H 1
| #define LT_OBJDIR ".libs/"
| #define HAVE_GETOPT_H 1
| #define HAVE_MATH_H 1
| /* end confdefs.h.  */
| #include <ac_nonexistent.h>
configure:9134: result: g++ -E
configure:9154: g++ -E  conftest.cpp
configure:9154: $? = 0
configure:9168: g++ -E  conftest.cpp
conftest.cpp:25:10: fatal error: ac_nonexistent.h: No such file or directory
   25 | #include <ac_nonexistent.h>
      |          ^~~~~~~~~~~~~~~~~~
compilation terminated.
configure:9168: $? = 1
configure: failed program was:
| /* confdefs.h */
| #define PACKAGE_NAME ""
| #define PACKAGE_TARNAME ""
| #define PACKAGE_VERSION ""
| #define PACKAGE_STRING ""
| #define PACKAGE_BUGREPORT ""
| #define PACKAGE_URL ""
| #define PACKAGE "cmph"
| #define VERSION "2.0"
| #define STDC_HEADERS 1
| #define HAVE_SYS_TYPES_H 1
| #define HAVE_SYS_STAT_H 1
| #define HAVE_STDLIB_H 1
| #define HAVE_STRING_H 1
| #define HAVE_MEMORY_H 1
| #define HAVE_STRINGS_H 1
| #define HAVE_INTTYPES_H 1
| #define HAVE_STDINT_H 1
| #define HAVE_UNISTD_H 1
| #define HAVE_DLFCN_H 1
| #define LT_OBJDIR ".libs/"
| #define HAVE_GETOPT_H 1
| #define HAVE_MATH_H 1
| /* end confdefs.h.  */
| #include <ac_nonexistent.h>
configure:9336: checking for ld used by g++
configure:9403: result: /usr/bin/ld -m elf_x86_64
configure:9410: checking if the linker (/usr/bin/ld -m elf_x86_64) is GNU ld
configure:9425: result: yes
configure:9480: checking whether the g++ linker (/usr/bin/ld -m elf_x86_64) supports shared libraries
configure:10393: result: yes
configure:10421: g++ -c -g -O2  conftest.cpp >&5
configure:10424: $? = 0
configure:10606: checking for g++ option to produce PIC
configure:10923: result: -fPIC -DPIC
configure:10932: checking if g++ PIC flag -fPIC -DPIC works
configure:13722: g++ -c -g -O2  -fPIC -DPIC -DPIC conftest.cpp >&5
configure:13726: $? = 0
configure:10967: result: yes
configure:10988: checking if g++ static flag -static works
configure:11016: result: yes
configure:11028: checking if g++ supports -c -o file.o
configure:13821: g++ -c -g -O2  -o out/conftest2.o conftest.cpp >&5
configure:13825: $? = 0
configure:11075: result: yes
configure:11080: checking if g++ supports -c -o file.o
configure:11127: result: yes
configure:11157: checking whether the g++ linker (/usr/bin/ld -m elf_x86_64) supports shared libraries
configure:11186: result: yes
configure:11323: checking dynamic linker characteristics
configure:11704: g++ -o conftest -g -O2  -lm   -Wl,-rpath -Wl,/foo conftest.cpp   >&5
configure:11704: $? = 0
configure:11934: result: GNU/Linux ld.so
configure:11985: checking how to hardcode library paths into programs
configure:12010: result: immediate
configure:11350: checking if there is spoon
configure:11352: result: no
configure:11483: creating ./config.status

## ---------------------- ##
## Running config.status. ##
## ---------------------- ##

This file was extended by config.status, which was
generated by GNU Autoconf 2.65.  Invocation command line was

  CONFIG_FILES    = 
  CONFIG_HEADERS  = 
  CONFIG_LINKS    = 
  CONFIG_COMMANDS = 
  $ ./config.status 

on DESKTOP-NA59GGC

config.status:1138: creating Makefile
config.status:1138: creating src/Makefile
config.status:1138: creating cxxmph/Makefile
config.status:1138: creating tests/Makefile
config.status:1138: creating examples/Makefile
config.status:1138: creating man/Makefile
config.status:1138: creating cmph.pc
config.status:1138: creating cxxmph.pc
config.status:1138: creating config.h
config.status:1358: executing depfiles commands
config.status:1358: executing libtool commands

## ---------------- ##
## Cache variables. ##
## ---------------- ##

ac_cv_build=x86_64-unknown-linux-gnu
ac_cv_c_compiler_gnu=yes
ac_cv_cxx_compiler_gnu=yes
ac_cv_env_CCC_set=
ac_cv_env_CCC_value=
ac_cv_env_CC_set=
ac_cv_env_CC_value=
ac_cv_env_CFLAGS_set=
ac_cv_env_CFLAGS_value=
ac_cv_env_CPPFLAGS_set=
ac_cv_env_CPPFLAGS_value=
ac_cv_env_CPP_set=
ac_cv_env_CPP_value=
ac_cv_env_CXXCPP_set=
ac_cv_env_CXXCPP_value=
ac_cv_env_CXXFLAGS_set=
ac_cv_env_CXXFLAGS_value=
ac_cv_env_CXX_set=
ac_cv_env_CXX_value=
ac_cv_env_LDFLAGS_set=
ac_cv_env_LDFLAGS_value=
ac_cv_env_LIBS_set=
ac_cv_env_LIBS_value=
ac_cv_env_build_alias_set=
ac_cv_env_build_alias_value=
ac_cv_env_host_alias_set=
ac_cv_env_host_alias_value=
ac_cv_env_target_alias_set=
ac_cv_env_target_alias_value=
ac_cv_header_dlfcn_h=yes
ac_cv_header_getopt_h=yes
ac_cv_header_inttypes_h=yes
ac_cv_header_math_h=yes
ac_cv_header_memory_h=yes
ac_cv_header_stdc=yes
ac_cv_header_stdint_h=yes
ac_cv_header_stdlib_h=yes
ac_cv_header_string_h=yes
ac_cv_header_strings_h=yes
ac_cv_header_sys_stat_h=yes
ac_cv_header_sys_types_h=yes
ac_cv_header_unistd_h=yes
ac_cv_host=x86_64-unknown-linux-gnu
ac_cv_lib_m_cos=yes
ac_cv_objext=o
ac_cv_path_EGREP='/usr/bin/grep -E'
ac_cv_path_FGREP='/usr/bin/grep -F'
ac_cv_path_GREP=/usr/bin/grep
ac_cv_path_SED=/usr/bin/sed
ac_cv_path_install='/usr/bin/install -c'
ac_cv_path_mkdir=/usr/bin/mkdir
ac_cv_prog_AWK=gawk
ac_cv_prog_CPP='gcc -E'
ac_cv_prog_CXXCPP='g++ -E'
ac_cv_prog_ac_ct_AR=ar
ac_cv_prog_ac_ct_CC=gcc
ac_cv_prog_ac_ct_CXX=g++
ac_cv_prog_ac_ct_GETCONF=getconf
ac_cv_prog_ac_ct_OBJDUMP=objdump
ac_cv_prog_ac_ct_RANLIB=ranlib
ac_cv_prog_ac_ct_STRIP=strip
ac_cv_prog_cc_c89=
ac_cv_prog_cc_g=yes
ac_cv_prog_cxx_g=yes
ac_cv_prog_make_make_set=yes
ac_cv_sys_file_offset_bits=no
ac_cv_sys_large_files=no
ac_cv_sys_largefile_CFLAGS=
ac_cv_sys_largefile_LDFLAGS=
ac_cv_sys_largefile_LIBS=
ac_cv_sys_largefile_source=no
am_cv_CC_dependencies_compiler_type=gcc3
am_cv_CXX_dependencies_compiler_type=gcc3
lt_cv_deplibs_check_method=pass_all
lt_cv_file_magic_cmd='$MAGIC_CMD'
lt_cv_file_magic_test_file=
lt_cv_ld_reload_flag=-r
lt_cv_nm_interface='BSD nm'
lt_cv_objdir=.libs
lt_cv_path_LD=/usr/bin/ld
lt_cv_path_LDCXX='/usr/bin/ld -m elf_x86_64'
lt_cv_path_NM='/usr/bin/nm -B'
lt_cv_prog_compiler_c_o=yes
lt_cv_prog_compiler_c_o_CXX=yes
lt_cv_prog_compiler_pic_works=yes
lt_cv_prog_compiler_pic_works_CXX=yes
lt_cv_prog_compiler_rtti_exceptions=no
lt_cv_prog_compiler_static_works=yes
lt_cv_prog_compiler_static_works_CXX=yes
lt_cv_prog_gnu_ld=yes
lt_cv_prog_gnu_ldcxx=yes
lt_cv_sys_global_symbol_pipe='sed -n -e '\''s/^.*[	 ]\([ABCDGIRSTW][ABCDGIRSTW]*\)[	 ][	 ]*\([_A-Za-z][_A-Za-z0-9]*\)$/\1 \2 \2/p'\'''
lt_cv_sys_global_symbol_to_c_name_address='sed -n -e '\''s/^: \([^ ]*\) $/  {\"\1\", (void *) 0},/p'\'' -e '\''s/^[ABCDGIRSTW]* \([^ ]*\) \([^ ]*\)$/  {"\2", (void *) \&\2},/p'\'''
lt_cv_sys_global_symbol_to_c_name_address_lib_prefix='sed -n -e '\''s/^: \([^ ]*\) $/  {\"\1\", (void *) 0},/p'\'' -e '\''s/^[ABCDGIRSTW]* \([^ ]*\) \(lib[^ ]*\)$/  {"\2", (void *) \&\2},/p'\'' -e '\''s/^[ABCDGIRSTW]* \([^ ]*\) \([^ ]*\)$/  {"lib\2", (void *) \&\2},/p'\'''
lt_cv_sys_global_symbol_to_cdecl='sed -n -e '\''s/^T .* \(.*\)$/extern int \1();/p'\'' -e '\''s/^[ABCDGIRSTW]* .* \(.*\)$/extern char \1;/p'\'''
lt_cv_sys_max_cmd_len=1572864

## ----------------- ##
## Output variables. ##
## ----------------- ##

ACLOCAL='${SHELL} /mnt/c/Users/DellPrecisionTower/clionprojects/johnny/cmph/missing --run aclocal-1.11'
AMDEPBACKSLASH='\'
AMDEP_FALSE='#'
AMDEP_TRUE=''
AMTAR='${SHELL} /mnt/c/Users/DellPrecisionTower/clionprojects/johnny/cmph/missing --run tar'
AR='ar'
AUTOCONF='${SHELL} /mnt/c/Users/DellPrecisionTower/clionprojects/johnny/cmph/missing --run autoconf'
AUTOHEADER='${SHELL} /mnt/c/Users/DellPrecisionTower/clionprojects/johnny/cmph/missing --run autoheader'
AUTOMAKE='${SHELL} /mnt/c/Users/DellPrecisionTower/clionprojects/johnny/cmph/missing --run automake-1.11'
AWK='gawk'
CC='gcc'
CCDEPMODE='depmode=gcc3'
CFLAGS='-Wall'
CHECK_CFLAGS=''
CHECK_LIBS=''
CPP='gcc -E'
CPPFLAGS=''
CXX='g++'
CXXCPP='g++ -E'
CXXDEPMODE='depmode=gcc3'
CXXFLAGS='-Wall -Wno-unused-function -DNDEBUG -O3 -fomit-frame-pointer -g -O2'
CXXMPH=''
CYGPATH_W='echo'
DEFS='-DHAVE_CONFIG_H'
DEPDIR='.deps'
DSYMUTIL=''
DUMPBIN=''
ECHO_C=''
ECHO_N='-n'
ECHO_T=''
EGREP='/usr/bin/grep -E'
EXEEXT=''
FGREP='/usr/bin/grep -F'
GETCONF='getconf'
GREP='/usr/bin/grep'
INSTALL_DATA='${INSTALL} -m 644'
INSTALL_PROGRAM='${INSTALL}'
INSTALL_SCRIPT='${INSTALL}'
INSTALL_STRIP_PROGRAM='$(install_sh) -c -s'
LD='/usr/bin/ld -m elf_x86_64'
LDFLAGS='-lm  '
LIBM='-lm'
LIBOBJS=''
LIBS=' '
LIBTOOL='$(SHELL) $(top_builddir)/libtool'
LIPO=''
LN_S='ln -s'
LTLIBOBJS=''
MAKEINFO='${SHELL} /mnt/c/Users/DellPrecisionTower/clionprojects/johnny/cmph/missing --run makeinfo'
MKDIR_P='/usr/bin/mkdir -p'
NM='/usr/bin/nm -B'
NMEDIT=''
OBJDUMP='objdump'
OBJEXT='o'
OTOOL64=''
OTOOL=''
PACKAGE='cmph'
PACKAGE_BUGREPORT=''
PACKAGE_NAME=''
PACKAGE_STRING=''
PACKAGE_TARNAME=''
PACKAGE_URL=''
PACKAGE_VERSION=''
PATH_SEPARATOR=':'
RANLIB='ranlib'
SED='/usr/bin/sed'
SET_MAKE=''
SHELL='/bin/bash'
STRIP='strip'
USE_CXXMPH_FALSE=''
USE_CXXMPH_TRUE='#'
USE_LIBCHECK_FALSE=''
USE_LIBCHECK_TRUE='#'
VERSION='2.0'
ac_ct_CC='gcc'
ac_ct_CXX='g++'
ac_ct_DUMPBIN=''
am__EXEEXT_FALSE=''
am__EXEEXT_TRUE='#'
am__fastdepCC_FALSE='#'
am__fastdepCC_TRUE=''
am__fastdepCXX_FALSE='#'
am__fastdepCXX_TRUE=''
am__include='include'
am__isrc=''
am__leading_dot='.'
am__quote=''
am__tar='${AMTAR} chof - "$$tardir"'
am__untar='${AMTAR} xf -'
bindir='${exec_prefix}/bin'
build='x86_64-unknown-linux-gnu'
build_alias=''
build_cpu='x86_64'
build_os='linux-gnu'
build_vendor='unknown'
datadir='${datarootdir}'
datarootdir='${prefix}/share'
docdir='${datarootdir}/doc/${PACKAGE}'
dvidir='${docdir}'
exec_prefix='${prefix}'
host='x86_64-unknown-linux-gnu'
host_alias=''
host_cpu='x86_64'
host_os='linux-gnu'
host_vendor='unknown'
htmldir='${docdir}'
includedir='${prefix}/include'
infodir='${datarootdir}/info'
install_sh='${SHELL} /mnt/c/Users/DellPrecisionTower/clionprojects/johnny/cmph/install-sh'
libdir='${exec_prefix}/lib'
libexecdir='${exec_prefix}/libexec'
localedir='${datarootdir}/locale'
localstatedir='${prefix}/var'
lt_ECHO='echo'
mandir='${datarootdir}/man'
mkdir_p='/usr/bin/mkdir -p'
oldincludedir='/usr/include'
pdfdir='${docdir}'
prefix='/usr/local'
program_transform_name='s,x,x,'
psdir='${docdir}'
sbindir='${exec_prefix}/sbin'
sharedstatedir='${prefix}/com'
sysconfdir='${prefix}/etc'
target_alias=''

## ----------- ##
## confdefs.h. ##
## ----------- ##

/* confdefs.h */
#define PACKAGE_NAME ""
#define PACKAGE_TARNAME ""
#define PACKAGE_VERSION ""
#define PACKAGE_STRING ""
#define PACKAGE_BUGREPORT ""
#define PACKAGE_URL ""
#define PACKAGE "cmph"
#define VERSION "2.0"
#define STDC_HEADERS 1
#define HAVE_SYS_TYPES_H 1
#define HAVE_SYS_STAT_H 1
#define HAVE_STDLIB_H 1
#define HAVE_STRING_H 1
#define HAVE_MEMORY_H 1
#define HAVE_STRINGS_H 1
#define HAVE_INTTYPES_H 1
#define HAVE_STDINT_H 1
#define HAVE_UNISTD_H 1
#define HAVE_DLFCN_H 1
#define LT_OBJDIR ".libs/"
#define HAVE_GETOPT_H 1
#define HAVE_MATH_H 1

configure: exit 0
